<?xml version="1.0" encoding="UTF-8"?>
<!-- Generated by org.testng.reporters.JUnitXMLReporter -->
<testsuite hostname="DESKTOP-RNEII5F" ignored="0" name="Suggested Search" tests="1" failures="0" timestamp="2020-04-11T14:30:19 COT" time="0.0" errors="0">
  <testcase name="@BeforeClass beforeClass" time="0.0" classname="com.realpage.test.GoogleChromeSuggestTest">
    <failure type="java.lang.IllegalStateException" message="The path to the driver executable must be set by the webdriver.chrome.driver system property; for more information, see https://github.com/SeleniumHQ/selenium/wiki/ChromeDriver. The latest version can be downloaded from http://chromedriver.storage.googleapis.com/index.html">
      <![CDATA[java.lang.IllegalStateException: The path to the driver executable must be set by the webdriver.chrome.driver system property; for more information, see https://github.com/SeleniumHQ/selenium/wiki/ChromeDriver. The latest version can be downloaded from http://chromedriver.storage.googleapis.com/index.html
at com.google.common.base.Preconditions.checkState(Preconditions.java:847)
at org.openqa.selenium.remote.service.DriverService.findExecutable(DriverService.java:134)
at org.openqa.selenium.chrome.ChromeDriverService.access$000(ChromeDriverService.java:35)
at org.openqa.selenium.chrome.ChromeDriverService$Builder.findDefaultExecutable(ChromeDriverService.java:159)
at org.openqa.selenium.remote.service.DriverService$Builder.build(DriverService.java:355)
at org.openqa.selenium.chrome.ChromeDriverService.createDefaultService(ChromeDriverService.java:94)
at org.openqa.selenium.chrome.ChromeDriver.<init>(ChromeDriver.java:123)
at com.realpage.test.GoogleChromeBase.chromeDriverConnection(GoogleChromeBase.java:22)
at com.realpage.test.GoogleChromeSuggestTest.beforeClass(GoogleChromeSuggestTest.java:17)
at java.util.ArrayList.forEach(Unknown Source)
... Removed 25 stack frames]]>
    </failure>
  </testcase> <!-- @BeforeClass beforeClass -->
  <testcase name="@AfterClass afterClass" time="-1.586633419911E9" classname="com.realpage.test.GoogleChromeSuggestTest">
    <skipped/>
  </testcase> <!-- @AfterClass afterClass -->
  <testcase name="googleSearchSuggest" time="0.0" classname="com.realpage.test.GoogleChromeSuggestTest">
    <skipped/>
  </testcase> <!-- googleSearchSuggest -->
</testsuite> <!-- Suggested Search -->
